// lab2重构后测试
=== RUN   TestInitialElection2A
Test (2A): initial election ...
  ... Passed --   3.1  3  108   29480    0
--- PASS: TestInitialElection2A (3.08s)
=== RUN   TestReElection2A
Test (2A): election after network failure ...
  ... Passed --   4.9  3  167   43506    0
--- PASS: TestReElection2A (4.94s)
=== RUN   TestBasicAgree2B
Test (2B): basic agreement ...
  ... Passed --   0.8  3   32    8922    3
--- PASS: TestBasicAgree2B (0.78s)
=== RUN   TestRPCBytes2B
Test (2B): RPC byte count ...
  ... Passed --   1.6  3   96  127078   11
--- PASS: TestRPCBytes2B (1.60s)
=== RUN   TestFailAgree2B
Test (2B): agreement despite follower disconnection ...
  ... Passed --   4.4  3  162   45057    7
--- PASS: TestFailAgree2B (4.41s)
=== RUN   TestFailNoAgree2B
Test (2B): no agreement if too many followers disconnect ...
  ... Passed --   3.6  5  277   75532    3
--- PASS: TestFailNoAgree2B (3.59s)
=== RUN   TestConcurrentStarts2B
Test (2B): concurrent Start()s ...
  ... Passed --   0.6  3   36   10506    6
--- PASS: TestConcurrentStarts2B (0.63s)
=== RUN   TestRejoin2B
Test (2B): rejoin of partitioned leader ...
  ... Passed --   4.2  3  183   50231    4
--- PASS: TestRejoin2B (4.25s)
=== RUN   TestBackup2B
Test (2B): leader backs up quickly over incorrect follower logs ...
  ... Passed --  17.2  5 2784 1931626  103
--- PASS: TestBackup2B (17.17s)

=== RUN   TestCount2B
Test (2B): RPC counts aren't too high ...
  ... Passed --   2.2  3  128   36622   12
--- PASS: TestCount2B (2.17s)
=== RUN   TestPersist12C
Test (2C): basic persistence ...
  ... Passed --   3.9  3  140   38536    6
--- PASS: TestPersist12C (3.89s)
=== RUN   TestPersist22C
Test (2C): more persistence ...
  ... Passed --  20.9  5 1577  424222   16
--- PASS: TestPersist22C (20.94s)
=== RUN   TestPersist32C
Test (2C): partitioned leader and one follower crash, leader restarts ...
  ... Passed --   2.1  3   64   17606    4
--- PASS: TestPersist32C (2.13s)
=== RUN   TestFigure82C
Test (2C): Figure 8 ...
  ... Passed --  38.1  5 1525  419247   54
--- PASS: TestFigure82C (38.05s)
=== RUN   TestUnreliableAgree2C
Test (2C): unreliable agreement ...
  ... Passed --   3.6  5 2091  641849  246
--- PASS: TestUnreliableAgree2C (3.60s)
=== RUN   TestFigure8Unreliable2C
Test (2C): Figure 8 (unreliable) ...
  ... Passed --  40.0  5 12468 22349157  167
--- PASS: TestFigure8Unreliable2C (39.98s)
=== RUN   TestReliableChurn2C
Test (2C): churn ...
  ... Passed --  16.6  5 9714 9718003 1247
--- PASS: TestReliableChurn2C (16.59s)
=== RUN   TestUnreliableChurn2C
Test (2C): unreliable churn ...
  ... Passed --  16.2  5 4281 1938214  460
--- PASS: TestUnreliableChurn2C (16.22s)
PASS


Process finished with the exit code 0
